<?xml version="1.0" encoding="ISO-8859-1"?>
	<!--

		Copyright (C) 2009 eXo Platform SAS. This is free software; you can
		redistribute it and/or modify it under the terms of the GNU Lesser
		General Public License as published by the Free Software Foundation;
		either version 2.1 of the License, or (at your option) any later
		version. This software is distributed in the hope that it will be
		useful, but WITHOUT ANY WARRANTY; without even the implied warranty of
		MERCHANTABILITY or FITNESS FOR A PARTICULAR PURPOSE. See the GNU
		Lesser General Public License for more details. You should have
		received a copy of the GNU Lesser General Public License along with
		this software; if not, write to the Free Software Foundation, Inc., 51
		Franklin St, Fifth Floor, Boston, MA 02110-1301 USA, or see the FSF
		site: http://www.fsf.org.
	-->
<configuration xmlns:xsi="http://www.w3.org/2001/XMLSchema-instance"
	xsi:schemaLocation="http://www.exoplaform.org/xml/ns/kernel_1_0.xsd http://www.exoplaform.org/xml/ns/kernel_1_0.xsd"
	xmlns="http://www.exoplaform.org/xml/ns/kernel_1_0.xsd">

	<component>
		<type>org.exoplatform.services.rest.impl.RestInitializer</type>
		<init-params>
			<values-param>
				<name>ws.rs.entity.provider</name>
				<value>org.exoplatform.services.rest.ext.provider.HierarchicalPropertyEntityProvider</value>
<!--				 Add own entity providers here -->
			</values-param>
			<values-param>
				<name>ws.rs.request.filter</name>
				<value>org.exoplatform.services.rest.ext.filter.MethodOverrideFilter</value>
<!--				 Add own request filters here -->
			</values-param>
			<values-param>
				<name>ws.rs.response.filter</name>
<!--				 Add own response filters here -->
			</values-param>
			<values-param>
				<name>ws.rs.method.filter</name>
				<value>org.exoplatform.services.rest.impl.method.MethodInvokerFilterComponentPlugin</value>
<!--            Add own method filters here -->
			</values-param>
			<values-param>
			   <name>ws.rs.jaxb.context</name>
			   <value>org.exoplatform.services.rest.wadl.research.Application</value>
<!--            Add own jaxb context here -->
			</values-param>
		</init-params>
	</component>
	<component>
		<type>org.exoplatform.services.rest.impl.RequestHandlerImpl</type>
	</component>
	<component>
		<type>org.exoplatform.services.rest.impl.ExoContainerResourceBinder</type>
	</component>
	<component>
		<type>org.exoplatform.services.rest.impl.ExoContainerDependencyInjector</type>
	</component>

</configuration>